<?xml version="1.0"?>
<!DOCTYPE coverage SYSTEM "http://cobertura.sourceforge.net/xml/coverage-04.dtd">

<coverage line-rate="0.38006644518272426" branch-rate="0.3511450381679389" lines-covered="572" lines-valid="1505" branches-covered="92" branches-valid="262" complexity="1.493801652892562" version="1.9.4.1" timestamp="1344282637020">
	<sources>
		<source>--source</source>
		<source>/Users/jbellmann/dev/work/privat/t7mp/maven-t7-plugin/src/main/java</source>
	</sources>
	<packages>
		<package name="com.googlecode.t7mp" line-rate="0.2494033412887828" branch-rate="0.25555555555555554" complexity="1.2792792792792793">
			<classes>
				<class name="com.googlecode.t7mp.AbstractArtifact" filename="com/googlecode/t7mp/AbstractArtifact.java" line-rate="0.9767441860465116" branch-rate="0.8333333333333334" complexity="1.2105263157894737">
					<methods>
						<method name="&lt;init&gt;" signature="()V" line-rate="1.0" branch-rate="1.0">
							<lines>
								<line number="69" hits="11" branch="false"/>
								<line number="71" hits="11" branch="false"/>
							</lines>
						</method>
						<method name="&lt;init&gt;" signature="(Ljava/lang/String;Ljava/lang/String;Ljava/lang/String;Ljava/lang/String;Ljava/lang/String;)V" line-rate="1.0" branch-rate="1.0">
							<lines>
								<line number="73" hits="20" branch="false"/>
								<line number="74" hits="20" branch="false"/>
								<line number="75" hits="20" branch="false"/>
								<line number="76" hits="20" branch="false"/>
								<line number="77" hits="20" branch="false"/>
								<line number="78" hits="20" branch="false"/>
								<line number="80" hits="20" branch="false"/>
							</lines>
						</method>
						<method name="buildDefaultMavenCoordinates" signature="()Ljava/lang/String;" line-rate="1.0" branch-rate="0.75">
							<lines>
								<line number="149" hits="7" branch="false"/>
								<line number="150" hits="7" branch="false"/>
								<line number="151" hits="7" branch="false"/>
								<line number="152" hits="7" branch="true" condition-coverage="50% (1/2)">
									<conditions>
										<condition number="0" type="jump" coverage="50%"/>
									</conditions>
								</line>
								<line number="153" hits="7" branch="false"/>
								<line number="155" hits="7" branch="true" condition-coverage="100% (2/2)">
									<conditions>
										<condition number="0" type="jump" coverage="100%"/>
									</conditions>
								</line>
								<line number="156" hits="2" branch="false"/>
								<line number="158" hits="7" branch="false"/>
								<line number="159" hits="7" branch="false"/>
								<line number="160" hits="7" branch="false"/>
							</lines>
						</method>
						<method name="getArtifactCoordinates" signature="()Ljava/lang/String;" line-rate="1.0" branch-rate="1.0">
							<lines>
								<line number="137" hits="10" branch="true" condition-coverage="100% (2/2)">
									<conditions>
										<condition number="0" type="jump" coverage="100%"/>
									</conditions>
								</line>
								<line number="138" hits="3" branch="false"/>
								<line number="140" hits="7" branch="false"/>
							</lines>
						</method>
						<method name="getArtifactId" signature="()Ljava/lang/String;" line-rate="1.0" branch-rate="1.0">
							<lines>
								<line number="91" hits="22" branch="false"/>
							</lines>
						</method>
						<method name="getClassifier" signature="()Ljava/lang/String;" line-rate="1.0" branch-rate="1.0">
							<lines>
								<line number="113" hits="19" branch="false"/>
							</lines>
						</method>
						<method name="getFile" signature="()Ljava/io/File;" line-rate="1.0" branch-rate="1.0">
							<lines>
								<line number="129" hits="2" branch="false"/>
							</lines>
						</method>
						<method name="getGroupId" signature="()Ljava/lang/String;" line-rate="1.0" branch-rate="1.0">
							<lines>
								<line number="83" hits="18" branch="false"/>
							</lines>
						</method>
						<method name="getSystemPath" signature="()Ljava/lang/String;" line-rate="1.0" branch-rate="1.0">
							<lines>
								<line number="121" hits="13" branch="false"/>
							</lines>
						</method>
						<method name="getVersion" signature="()Ljava/lang/String;" line-rate="1.0" branch-rate="1.0">
							<lines>
								<line number="99" hits="20" branch="false"/>
							</lines>
						</method>
						<method name="setArtifactId" signature="(Ljava/lang/String;)V" line-rate="1.0" branch-rate="1.0">
							<lines>
								<line number="95" hits="27" branch="false"/>
								<line number="96" hits="27" branch="false"/>
							</lines>
						</method>
						<method name="setClassifier" signature="(Ljava/lang/String;)V" line-rate="1.0" branch-rate="1.0">
							<lines>
								<line number="117" hits="23" branch="false"/>
								<line number="118" hits="23" branch="false"/>
							</lines>
						</method>
						<method name="setFile" signature="(Ljava/io/File;)V" line-rate="1.0" branch-rate="1.0">
							<lines>
								<line number="133" hits="2" branch="false"/>
								<line number="134" hits="2" branch="false"/>
							</lines>
						</method>
						<method name="setGroupId" signature="(Ljava/lang/String;)V" line-rate="1.0" branch-rate="1.0">
							<lines>
								<line number="87" hits="24" branch="false"/>
								<line number="88" hits="24" branch="false"/>
							</lines>
						</method>
						<method name="setSystemPath" signature="(Ljava/lang/String;)V" line-rate="1.0" branch-rate="1.0">
							<lines>
								<line number="125" hits="3" branch="false"/>
								<line number="126" hits="3" branch="false"/>
							</lines>
						</method>
						<method name="setType" signature="(Ljava/lang/String;)V" line-rate="1.0" branch-rate="1.0">
							<lines>
								<line number="109" hits="25" branch="false"/>
								<line number="110" hits="25" branch="false"/>
							</lines>
						</method>
						<method name="setVersion" signature="(Ljava/lang/String;)V" line-rate="1.0" branch-rate="1.0">
							<lines>
								<line number="103" hits="27" branch="false"/>
								<line number="104" hits="27" branch="false"/>
							</lines>
						</method>
						<method name="toString" signature="()Ljava/lang/String;" line-rate="0.0" branch-rate="1.0">
							<lines>
								<line number="165" hits="0" branch="false"/>
							</lines>
						</method>
					</methods>
					<lines>
						<line number="69" hits="11" branch="false"/>
						<line number="71" hits="11" branch="false"/>
						<line number="73" hits="20" branch="false"/>
						<line number="74" hits="20" branch="false"/>
						<line number="75" hits="20" branch="false"/>
						<line number="76" hits="20" branch="false"/>
						<line number="77" hits="20" branch="false"/>
						<line number="78" hits="20" branch="false"/>
						<line number="80" hits="20" branch="false"/>
						<line number="83" hits="18" branch="false"/>
						<line number="87" hits="24" branch="false"/>
						<line number="88" hits="24" branch="false"/>
						<line number="91" hits="22" branch="false"/>
						<line number="95" hits="27" branch="false"/>
						<line number="96" hits="27" branch="false"/>
						<line number="99" hits="20" branch="false"/>
						<line number="103" hits="27" branch="false"/>
						<line number="104" hits="27" branch="false"/>
						<line number="109" hits="25" branch="false"/>
						<line number="110" hits="25" branch="false"/>
						<line number="113" hits="19" branch="false"/>
						<line number="117" hits="23" branch="false"/>
						<line number="118" hits="23" branch="false"/>
						<line number="121" hits="13" branch="false"/>
						<line number="125" hits="3" branch="false"/>
						<line number="126" hits="3" branch="false"/>
						<line number="129" hits="2" branch="false"/>
						<line number="133" hits="2" branch="false"/>
						<line number="134" hits="2" branch="false"/>
						<line number="137" hits="10" branch="true" condition-coverage="100% (2/2)">
							<conditions>
								<condition number="0" type="jump" coverage="100%"/>
							</conditions>
						</line>
						<line number="138" hits="3" branch="false"/>
						<line number="140" hits="7" branch="false"/>
						<line number="149" hits="7" branch="false"/>
						<line number="150" hits="7" branch="false"/>
						<line number="151" hits="7" branch="false"/>
						<line number="152" hits="7" branch="true" condition-coverage="50% (1/2)">
							<conditions>
								<condition number="0" type="jump" coverage="50%"/>
							</conditions>
						</line>
						<line number="153" hits="7" branch="false"/>
						<line number="155" hits="7" branch="true" condition-coverage="100% (2/2)">
							<conditions>
								<condition number="0" type="jump" coverage="100%"/>
							</conditions>
						</line>
						<line number="156" hits="2" branch="false"/>
						<line number="158" hits="7" branch="false"/>
						<line number="159" hits="7" branch="false"/>
						<line number="160" hits="7" branch="false"/>
						<line number="165" hits="0" branch="false"/>
					</lines>
				</class>
				<class name="com.googlecode.t7mp.AbstractT7BaseMojo" filename="com/googlecode/t7mp/AbstractT7BaseMojo.java" line-rate="0.0" branch-rate="0.0" complexity="1.0704225352112675">
					<methods>
						<method name="&lt;init&gt;" signature="()V" line-rate="0.0" branch-rate="1.0">
							<lines>
								<line number="40" hits="0" branch="false"/>
								<line number="114" hits="0" branch="false"/>
								<line number="122" hits="0" branch="false"/>
								<line number="129" hits="0" branch="false"/>
								<line number="135" hits="0" branch="false"/>
								<line number="141" hits="0" branch="false"/>
								<line number="147" hits="0" branch="false"/>
								<line number="153" hits="0" branch="false"/>
								<line number="160" hits="0" branch="false"/>
								<line number="167" hits="0" branch="false"/>
								<line number="224" hits="0" branch="false"/>
								<line number="230" hits="0" branch="false"/>
								<line number="236" hits="0" branch="false"/>
								<line number="248" hits="0" branch="false"/>
								<line number="254" hits="0" branch="false"/>
								<line number="260" hits="0" branch="false"/>
								<line number="266" hits="0" branch="false"/>
								<line number="272" hits="0" branch="false"/>
								<line number="278" hits="0" branch="false"/>
								<line number="283" hits="0" branch="false"/>
							</lines>
						</method>
						<method name="getArchiverManager" signature="()Lorg/codehaus/plexus/archiver/manager/ArchiverManager;" line-rate="0.0" branch-rate="1.0">
							<lines>
								<line number="532" hits="0" branch="false"/>
							</lines>
						</method>
						<method name="getArtifactCollector" signature="()Lorg/apache/maven/artifact/resolver/ArtifactCollector;" line-rate="0.0" branch-rate="1.0">
							<lines>
								<line number="508" hits="0" branch="false"/>
							</lines>
						</method>
						<method name="getBuildFinalName" signature="()Ljava/lang/String;" line-rate="0.0" branch-rate="1.0">
							<lines>
								<line number="428" hits="0" branch="false"/>
							</lines>
						</method>
						<method name="getCatalinaBase" signature="()Ljava/io/File;" line-rate="0.0" branch-rate="1.0">
							<lines>
								<line number="416" hits="0" branch="false"/>
							</lines>
						</method>
						<method name="getConfigArtifact" signature="()Lcom/googlecode/t7mp/ConfigurationArtifact;" line-rate="0.0" branch-rate="1.0">
							<lines>
								<line number="568" hits="0" branch="false"/>
							</lines>
						</method>
						<method name="getContextFile" signature="()Ljava/io/File;" line-rate="0.0" branch-rate="1.0">
							<lines>
								<line number="408" hits="0" branch="false"/>
							</lines>
						</method>
						<method name="getContextPath" signature="()Ljava/lang/String;" line-rate="0.0" branch-rate="0.0">
							<lines>
								<line number="386" hits="0" branch="true" condition-coverage="0% (0/4)">
									<conditions>
										<condition number="0" type="jump" coverage="0%"/>
										<condition number="1" type="jump" coverage="0%"/>
									</conditions>
								</line>
								<line number="387" hits="0" branch="false"/>
								<line number="389" hits="0" branch="true" condition-coverage="0% (0/2)">
									<conditions>
										<condition number="0" type="jump" coverage="0%"/>
									</conditions>
								</line>
								<line number="390" hits="0" branch="false"/>
								<line number="392" hits="0" branch="false"/>
							</lines>
						</method>
						<method name="getFactory" signature="()Lorg/apache/maven/artifact/factory/ArtifactFactory;" line-rate="0.0" branch-rate="1.0">
							<lines>
								<line number="492" hits="0" branch="false"/>
							</lines>
						</method>
						<method name="getLibs" signature="()Ljava/util/List;" line-rate="0.0" branch-rate="1.0">
							<lines>
								<line number="444" hits="0" branch="false"/>
							</lines>
						</method>
						<method name="getLocal" signature="()Lorg/apache/maven/artifact/repository/ArtifactRepository;" line-rate="0.0" branch-rate="1.0">
							<lines>
								<line number="516" hits="0" branch="false"/>
							</lines>
						</method>
						<method name="getMavenProject" signature="()Lorg/apache/maven/project/MavenProject;" line-rate="0.0" branch-rate="1.0">
							<lines>
								<line number="552" hits="0" branch="false"/>
							</lines>
						</method>
						<method name="getOverwriteWebXML" signature="()Ljava/io/File;" line-rate="0.0" branch-rate="1.0">
							<lines>
								<line number="400" hits="0" branch="false"/>
							</lines>
						</method>
						<method name="getPackaging" signature="()Ljava/lang/String;" line-rate="0.0" branch-rate="1.0">
							<lines>
								<line number="436" hits="0" branch="false"/>
							</lines>
						</method>
						<method name="getRemoteRepos" signature="()Ljava/util/List;" line-rate="0.0" branch-rate="1.0">
							<lines>
								<line number="524" hits="0" branch="false"/>
							</lines>
						</method>
						<method name="getResolver" signature="()Lorg/apache/maven/artifact/resolver/ArtifactResolver;" line-rate="0.0" branch-rate="1.0">
							<lines>
								<line number="500" hits="0" branch="false"/>
							</lines>
						</method>
						<method name="getScanners" signature="()Ljava/util/ArrayList;" line-rate="0.0" branch-rate="1.0">
							<lines>
								<line number="424" hits="0" branch="false"/>
							</lines>
						</method>
						<method name="getSystemProperties" signature="()Ljava/util/Map;" line-rate="0.0" branch-rate="1.0">
							<lines>
								<line number="484" hits="0" branch="false"/>
							</lines>
						</method>
						<method name="getTomcatConfigDirectory" signature="()Ljava/io/File;" line-rate="0.0" branch-rate="1.0">
							<lines>
								<line number="452" hits="0" branch="false"/>
							</lines>
						</method>
						<method name="getTomcatHostName" signature="()Ljava/lang/String;" line-rate="0.0" branch-rate="1.0">
							<lines>
								<line number="362" hits="0" branch="false"/>
							</lines>
						</method>
						<method name="getTomcatHttpPort" signature="()I" line-rate="0.0" branch-rate="1.0">
							<lines>
								<line number="330" hits="0" branch="false"/>
							</lines>
						</method>
						<method name="getTomcatShutdownCommand" signature="()Ljava/lang/String;" line-rate="0.0" branch-rate="1.0">
							<lines>
								<line number="346" hits="0" branch="false"/>
							</lines>
						</method>
						<method name="getTomcatShutdownHost" signature="()Ljava/lang/String;" line-rate="0.0" branch-rate="1.0">
							<lines>
								<line number="354" hits="0" branch="false"/>
							</lines>
						</method>
						<method name="getTomcatShutdownPort" signature="()I" line-rate="0.0" branch-rate="1.0">
							<lines>
								<line number="338" hits="0" branch="false"/>
							</lines>
						</method>
						<method name="getTomcatVersion" signature="()Ljava/lang/String;" line-rate="0.0" branch-rate="1.0">
							<lines>
								<line number="322" hits="0" branch="false"/>
							</lines>
						</method>
						<method name="getUserConfigDir" signature="()Ljava/io/File;" line-rate="0.0" branch-rate="1.0">
							<lines>
								<line number="370" hits="0" branch="false"/>
							</lines>
						</method>
						<method name="getWebappClassDirectory" signature="()Ljava/io/File;" line-rate="0.0" branch-rate="1.0">
							<lines>
								<line number="468" hits="0" branch="false"/>
							</lines>
						</method>
						<method name="getWebappOutputDirectory" signature="()Ljava/io/File;" line-rate="0.0" branch-rate="1.0">
							<lines>
								<line number="378" hits="0" branch="false"/>
							</lines>
						</method>
						<method name="getWebappSourceDirectory" signature="()Ljava/io/File;" line-rate="0.0" branch-rate="1.0">
							<lines>
								<line number="460" hits="0" branch="false"/>
							</lines>
						</method>
						<method name="getWebapps" signature="()Ljava/util/List;" line-rate="0.0" branch-rate="1.0">
							<lines>
								<line number="476" hits="0" branch="false"/>
							</lines>
						</method>
						<method name="isAddGithubRepository" signature="()Z" line-rate="0.0" branch-rate="1.0">
							<lines>
								<line number="314" hits="0" branch="false"/>
							</lines>
						</method>
						<method name="isLookInside" signature="()Z" line-rate="0.0" branch-rate="1.0">
							<lines>
								<line number="298" hits="0" branch="false"/>
							</lines>
						</method>
						<method name="isResolverUpdateSnapshotsAllways" signature="()Z" line-rate="0.0" branch-rate="1.0">
							<lines>
								<line number="540" hits="0" branch="false"/>
							</lines>
						</method>
						<method name="isScanClasses" signature="()Z" line-rate="0.0" branch-rate="1.0">
							<lines>
								<line number="306" hits="0" branch="false"/>
							</lines>
						</method>
						<method name="isSuspendConsoleOutput" signature="()Z" line-rate="0.0" branch-rate="1.0">
							<lines>
								<line number="560" hits="0" branch="false"/>
							</lines>
						</method>
						<method name="isTomcatSetAwait" signature="()Z" line-rate="0.0" branch-rate="1.0">
							<lines>
								<line number="290" hits="0" branch="false"/>
							</lines>
						</method>
						<method name="isWebProject" signature="()Z" line-rate="0.0" branch-rate="1.0">
							<lines>
								<line number="286" hits="0" branch="false"/>
							</lines>
						</method>
						<method name="setAddGithubRepository" signature="(Z)V" line-rate="0.0" branch-rate="1.0">
							<lines>
								<line number="318" hits="0" branch="false"/>
								<line number="319" hits="0" branch="false"/>
							</lines>
						</method>
						<method name="setArchiverManager" signature="(Lorg/codehaus/plexus/archiver/manager/ArchiverManager;)V" line-rate="0.0" branch-rate="1.0">
							<lines>
								<line number="536" hits="0" branch="false"/>
								<line number="537" hits="0" branch="false"/>
							</lines>
						</method>
						<method name="setArtifactCollector" signature="(Lorg/apache/maven/artifact/resolver/ArtifactCollector;)V" line-rate="0.0" branch-rate="1.0">
							<lines>
								<line number="512" hits="0" branch="false"/>
								<line number="513" hits="0" branch="false"/>
							</lines>
						</method>
						<method name="setBuildFinalName" signature="(Ljava/lang/String;)V" line-rate="0.0" branch-rate="1.0">
							<lines>
								<line number="432" hits="0" branch="false"/>
								<line number="433" hits="0" branch="false"/>
							</lines>
						</method>
						<method name="setCatalinaBase" signature="(Ljava/io/File;)V" line-rate="0.0" branch-rate="1.0">
							<lines>
								<line number="420" hits="0" branch="false"/>
								<line number="421" hits="0" branch="false"/>
							</lines>
						</method>
						<method name="setConfigArtifact" signature="(Lcom/googlecode/t7mp/ConfigurationArtifact;)V" line-rate="0.0" branch-rate="1.0">
							<lines>
								<line number="572" hits="0" branch="false"/>
								<line number="573" hits="0" branch="false"/>
							</lines>
						</method>
						<method name="setContextFile" signature="(Ljava/io/File;)V" line-rate="0.0" branch-rate="1.0">
							<lines>
								<line number="412" hits="0" branch="false"/>
								<line number="413" hits="0" branch="false"/>
							</lines>
						</method>
						<method name="setContextPath" signature="(Ljava/lang/String;)V" line-rate="0.0" branch-rate="1.0">
							<lines>
								<line number="396" hits="0" branch="false"/>
								<line number="397" hits="0" branch="false"/>
							</lines>
						</method>
						<method name="setFactory" signature="(Lorg/apache/maven/artifact/factory/ArtifactFactory;)V" line-rate="0.0" branch-rate="1.0">
							<lines>
								<line number="496" hits="0" branch="false"/>
								<line number="497" hits="0" branch="false"/>
							</lines>
						</method>
						<method name="setLibs" signature="(Ljava/util/ArrayList;)V" line-rate="0.0" branch-rate="1.0">
							<lines>
								<line number="448" hits="0" branch="false"/>
								<line number="449" hits="0" branch="false"/>
							</lines>
						</method>
						<method name="setLocal" signature="(Lorg/apache/maven/artifact/repository/ArtifactRepository;)V" line-rate="0.0" branch-rate="1.0">
							<lines>
								<line number="520" hits="0" branch="false"/>
								<line number="521" hits="0" branch="false"/>
							</lines>
						</method>
						<method name="setLookInside" signature="(Z)V" line-rate="0.0" branch-rate="1.0">
							<lines>
								<line number="302" hits="0" branch="false"/>
								<line number="303" hits="0" branch="false"/>
							</lines>
						</method>
						<method name="setMavenProject" signature="(Lorg/apache/maven/project/MavenProject;)V" line-rate="0.0" branch-rate="1.0">
							<lines>
								<line number="556" hits="0" branch="false"/>
								<line number="557" hits="0" branch="false"/>
							</lines>
						</method>
						<method name="setOverwriteWebXML" signature="(Ljava/io/File;)V" line-rate="0.0" branch-rate="1.0">
							<lines>
								<line number="404" hits="0" branch="false"/>
								<line number="405" hits="0" branch="false"/>
							</lines>
						</method>
						<method name="setPackaging" signature="(Ljava/lang/String;)V" line-rate="0.0" branch-rate="1.0">
							<lines>
								<line number="440" hits="0" branch="false"/>
								<line number="441" hits="0" branch="false"/>
							</lines>
						</method>
						<method name="setRemoteRepos" signature="(Ljava/util/List;)V" line-rate="0.0" branch-rate="1.0">
							<lines>
								<line number="528" hits="0" branch="false"/>
								<line number="529" hits="0" branch="false"/>
							</lines>
						</method>
						<method name="setResolver" signature="(Lorg/apache/maven/artifact/resolver/ArtifactResolver;)V" line-rate="0.0" branch-rate="1.0">
							<lines>
								<line number="504" hits="0" branch="false"/>
								<line number="505" hits="0" branch="false"/>
							</lines>
						</method>
						<method name="setResolverUpdateSnapshotsAllways" signature="(Z)V" line-rate="0.0" branch-rate="1.0">
							<lines>
								<line number="544" hits="0" branch="false"/>
								<line number="545" hits="0" branch="false"/>
							</lines>
						</method>
						<method name="setScanClasses" signature="(Z)V" line-rate="0.0" branch-rate="1.0">
							<lines>
								<line number="310" hits="0" branch="false"/>
								<line number="311" hits="0" branch="false"/>
							</lines>
						</method>
						<method name="setScanners" signature="(Ljava/util/ArrayList;)V" line-rate="0.0" branch-rate="1.0">
							<lines>
								<line number="548" hits="0" branch="false"/>
								<line number="549" hits="0" branch="false"/>
							</lines>
						</method>
						<method name="setSuspendConsoleOutput" signature="(Z)V" line-rate="0.0" branch-rate="1.0">
							<lines>
								<line number="564" hits="0" branch="false"/>
								<line number="565" hits="0" branch="false"/>
							</lines>
						</method>
						<method name="setSystemProperties" signature="(Ljava/util/Map;)V" line-rate="0.0" branch-rate="1.0">
							<lines>
								<line number="488" hits="0" branch="false"/>
								<line number="489" hits="0" branch="false"/>
							</lines>
						</method>
						<method name="setTomcatConfigDirectory" signature="(Ljava/io/File;)V" line-rate="0.0" branch-rate="1.0">
							<lines>
								<line number="456" hits="0" branch="false"/>
								<line number="457" hits="0" branch="false"/>
							</lines>
						</method>
						<method name="setTomcatHostName" signature="(Ljava/lang/String;)V" line-rate="0.0" branch-rate="1.0">
							<lines>
								<line number="366" hits="0" branch="false"/>
								<line number="367" hits="0" branch="false"/>
							</lines>
						</method>
						<method name="setTomcatHttpPort" signature="(I)V" line-rate="0.0" branch-rate="1.0">
							<lines>
								<line number="334" hits="0" branch="false"/>
								<line number="335" hits="0" branch="false"/>
							</lines>
						</method>
						<method name="setTomcatSetAwait" signature="(Z)V" line-rate="0.0" branch-rate="1.0">
							<lines>
								<line number="294" hits="0" branch="false"/>
								<line number="295" hits="0" branch="false"/>
							</lines>
						</method>
						<method name="setTomcatShutdownCommand" signature="(Ljava/lang/String;)V" line-rate="0.0" branch-rate="1.0">
							<lines>
								<line number="350" hits="0" branch="false"/>
								<line number="351" hits="0" branch="false"/>
							</lines>
						</method>
						<method name="setTomcatShutdownHost" signature="(Ljava/lang/String;)V" line-rate="0.0" branch-rate="1.0">
							<lines>
								<line number="358" hits="0" branch="false"/>
								<line number="359" hits="0" branch="false"/>
							</lines>
						</method>
						<method name="setTomcatShutdownPort" signature="(I)V" line-rate="0.0" branch-rate="1.0">
							<lines>
								<line number="342" hits="0" branch="false"/>
								<line number="343" hits="0" branch="false"/>
							</lines>
						</method>
						<method name="setTomcatVersion" signature="(Ljava/lang/String;)V" line-rate="0.0" branch-rate="1.0">
							<lines>
								<line number="326" hits="0" branch="false"/>
								<line number="327" hits="0" branch="false"/>
							</lines>
						</method>
						<method name="setUserConfigDir" signature="(Ljava/io/File;)V" line-rate="0.0" branch-rate="1.0">
							<lines>
								<line number="374" hits="0" branch="false"/>
								<line number="375" hits="0" branch="false"/>
							</lines>
						</method>
						<method name="setWebappClassDirectory" signature="(Ljava/io/File;)V" line-rate="0.0" branch-rate="1.0">
							<lines>
								<line number="472" hits="0" branch="false"/>
								<line number="473" hits="0" branch="false"/>
							</lines>
						</method>
						<method name="setWebappOutputDirectory" signature="(Ljava/io/File;)V" line-rate="0.0" branch-rate="1.0">
							<lines>
								<line number="382" hits="0" branch="false"/>
								<line number="383" hits="0" branch="false"/>
							</lines>
						</method>
						<method name="setWebappSourceDirectory" signature="(Ljava/io/File;)V" line-rate="0.0" branch-rate="1.0">
							<lines>
								<line number="464" hits="0" branch="false"/>
								<line number="465" hits="0" branch="false"/>
							</lines>
						</method>
						<method name="setWebapps" signature="(Ljava/util/ArrayList;)V" line-rate="0.0" branch-rate="1.0">
							<lines>
								<line number="480" hits="0" branch="false"/>
								<line number="481" hits="0" branch="false"/>
							</lines>
						</method>
					</methods>
					<lines>
						<line number="40" hits="0" branch="false"/>
						<line number="114" hits="0" branch="false"/>
						<line number="122" hits="0" branch="false"/>
						<line number="129" hits="0" branch="false"/>
						<line number="135" hits="0" branch="false"/>
						<line number="141" hits="0" branch="false"/>
						<line number="147" hits="0" branch="false"/>
						<line number="153" hits="0" branch="false"/>
						<line number="160" hits="0" branch="false"/>
						<line number="167" hits="0" branch="false"/>
						<line number="224" hits="0" branch="false"/>
						<line number="230" hits="0" branch="false"/>
						<line number="236" hits="0" branch="false"/>
						<line number="248" hits="0" branch="false"/>
						<line number="254" hits="0" branch="false"/>
						<line number="260" hits="0" branch="false"/>
						<line number="266" hits="0" branch="false"/>
						<line number="272" hits="0" branch="false"/>
						<line number="278" hits="0" branch="false"/>
						<line number="283" hits="0" branch="false"/>
						<line number="286" hits="0" branch="false"/>
						<line number="290" hits="0" branch="false"/>
						<line number="294" hits="0" branch="false"/>
						<line number="295" hits="0" branch="false"/>
						<line number="298" hits="0" branch="false"/>
						<line number="302" hits="0" branch="false"/>
						<line number="303" hits="0" branch="false"/>
						<line number="306" hits="0" branch="false"/>
						<line number="310" hits="0" branch="false"/>
						<line number="311" hits="0" branch="false"/>
						<line number="314" hits="0" branch="false"/>
						<line number="318" hits="0" branch="false"/>
						<line number="319" hits="0" branch="false"/>
						<line number="322" hits="0" branch="false"/>
						<line number="326" hits="0" branch="false"/>
						<line number="327" hits="0" branch="false"/>
						<line number="330" hits="0" branch="false"/>
						<line number="334" hits="0" branch="false"/>
						<line number="335" hits="0" branch="false"/>
						<line number="338" hits="0" branch="false"/>
						<line number="342" hits="0" branch="false"/>
						<line number="343" hits="0" branch="false"/>
						<line number="346" hits="0" branch="false"/>
						<line number="350" hits="0" branch="false"/>
						<line number="351" hits="0" branch="false"/>
						<line number="354" hits="0" branch="false"/>
						<line number="358" hits="0" branch="false"/>
						<line number="359" hits="0" branch="false"/>
						<line number="362" hits="0" branch="false"/>
						<line number="366" hits="0" branch="false"/>
						<line number="367" hits="0" branch="false"/>
						<line number="370" hits="0" branch="false"/>
						<line number="374" hits="0" branch="false"/>
						<line number="375" hits="0" branch="false"/>
						<line number="378" hits="0" branch="false"/>
						<line number="382" hits="0" branch="false"/>
						<line number="383" hits="0" branch="false"/>
						<line number="386" hits="0" branch="true" condition-coverage="0% (0/4)">
							<conditions>
								<condition number="0" type="jump" coverage="0%"/>
								<condition number="1" type="jump" coverage="0%"/>
							</conditions>
						</line>
						<line number="387" hits="0" branch="false"/>
						<line number="389" hits="0" branch="true" condition-coverage="0% (0/2)">
							<conditions>
								<condition number="0" type="jump" coverage="0%"/>
							</conditions>
						</line>
						<line number="390" hits="0" branch="false"/>
						<line number="392" hits="0" branch="false"/>
						<line number="396" hits="0" branch="false"/>
						<line number="397" hits="0" branch="false"/>
						<line number="400" hits="0" branch="false"/>
						<line number="404" hits="0" branch="false"/>
						<line number="405" hits="0" branch="false"/>
						<line number="408" hits="0" branch="false"/>
						<line number="412" hits="0" branch="false"/>
						<line number="413" hits="0" branch="false"/>
						<line number="416" hits="0" branch="false"/>
						<line number="420" hits="0" branch="false"/>
						<line number="421" hits="0" branch="false"/>
						<line number="424" hits="0" branch="false"/>
						<line number="428" hits="0" branch="false"/>
						<line number="432" hits="0" branch="false"/>
						<line number="433" hits="0" branch="false"/>
						<line number="436" hits="0" branch="false"/>
						<line number="440" hits="0" branch="false"/>
						<line number="441" hits="0" branch="false"/>
						<line number="444" hits="0" branch="false"/>
						<line number="448" hits="0" branch="false"/>
						<line number="449" hits="0" branch="false"/>
						<line number="452" hits="0" branch="false"/>
						<line number="456" hits="0" branch="false"/>
						<line number="457" hits="0" branch="false"/>
						<line number="460" hits="0" branch="false"/>
						<line number="464" hits="0" branch="false"/>
						<line number="465" hits="0" branch="false"/>
						<line number="468" hits="0" branch="false"/>
						<line number="472" hits="0" branch="false"/>
						<line number="473" hits="0" branch="false"/>
						<line number="476" hits="0" branch="false"/>
						<line number="480" hits="0" branch="false"/>
						<line number="481" hits="0" branch="false"/>
						<line number="484" hits="0" branch="false"/>
						<line number="488" hits="0" branch="false"/>
						<line number="489" hits="0" branch="false"/>
						<line number="492" hits="0" branch="false"/>
						<line number="496" hits="0" branch="false"/>
						<line number="497" hits="0" branch="false"/>
						<line number="500" hits="0" branch="false"/>
						<line number="504" hits="0" branch="false"/>
						<line number="505" hits="0" branch="false"/>
						<line number="508" hits="0" branch="false"/>
						<line number="512" hits="0" branch="false"/>
						<line number="513" hits="0" branch="false"/>
						<line number="516" hits="0" branch="false"/>
						<line number="520" hits="0" branch="false"/>
						<line number="521" hits="0" branch="false"/>
						<line number="524" hits="0" branch="false"/>
						<line number="528" hits="0" branch="false"/>
						<line number="529" hits="0" branch="false"/>
						<line number="532" hits="0" branch="false"/>
						<line number="536" hits="0" branch="false"/>
						<line number="537" hits="0" branch="false"/>
						<line number="540" hits="0" branch="false"/>
						<line number="544" hits="0" branch="false"/>
						<line number="545" hits="0" branch="false"/>
						<line number="548" hits="0" branch="false"/>
						<line number="549" hits="0" branch="false"/>
						<line number="552" hits="0" branch="false"/>
						<line number="556" hits="0" branch="false"/>
						<line number="557" hits="0" branch="false"/>
						<line number="560" hits="0" branch="false"/>
						<line number="564" hits="0" branch="false"/>
						<line number="565" hits="0" branch="false"/>
						<line number="568" hits="0" branch="false"/>
						<line number="572" hits="0" branch="false"/>
						<line number="573" hits="0" branch="false"/>
					</lines>
				</class>
				<class name="com.googlecode.t7mp.AbstractT7TomcatMojo" filename="com/googlecode/t7mp/AbstractT7TomcatMojo.java" line-rate="0.0" branch-rate="1.0" complexity="1.0">
					<methods>
						<method name="&lt;init&gt;" signature="()V" line-rate="0.0" branch-rate="1.0">
							<lines>
								<line number="35" hits="0" branch="false"/>
							</lines>
						</method>
						<method name="buildParentContext" signature="()Lcom/googlecode/t7mp/steps/Context;" line-rate="0.0" branch-rate="1.0">
							<lines>
								<line number="52" hits="0" branch="false"/>
								<line number="53" hits="0" branch="false"/>
								<line number="54" hits="0" branch="false"/>
								<line number="55" hits="0" branch="false"/>
							</lines>
						</method>
						<method name="getScanners" signature="()Ljava/util/List;" line-rate="0.0" branch-rate="1.0">
							<lines>
								<line number="29" hits="0" branch="false"/>
							</lines>
						</method>
						<method name="getTomcatArtifact" signature="()Lcom/googlecode/t7mp/TomcatArtifact;" line-rate="0.0" branch-rate="1.0">
							<lines>
								<line number="48" hits="0" branch="false"/>
							</lines>
						</method>
						<method name="isDownloadTomcatExamples" signature="()Z" line-rate="0.0" branch-rate="1.0">
							<lines>
								<line number="39" hits="0" branch="false"/>
							</lines>
						</method>
						<method name="setDownloadTomcatExamples" signature="(Z)V" line-rate="0.0" branch-rate="1.0">
							<lines>
								<line number="43" hits="0" branch="false"/>
								<line number="44" hits="0" branch="false"/>
							</lines>
						</method>
					</methods>
					<lines>
						<line number="29" hits="0" branch="false"/>
						<line number="35" hits="0" branch="false"/>
						<line number="39" hits="0" branch="false"/>
						<line number="43" hits="0" branch="false"/>
						<line number="44" hits="0" branch="false"/>
						<line number="48" hits="0" branch="false"/>
						<line number="52" hits="0" branch="false"/>
						<line number="53" hits="0" branch="false"/>
						<line number="54" hits="0" branch="false"/>
						<line number="55" hits="0" branch="false"/>
					</lines>
				</class>
				<class name="com.googlecode.t7mp.BaseConfiguration" filename="com/googlecode/t7mp/BaseConfiguration.java" line-rate="0.4818181818181818" branch-rate="1.0" complexity="1.0">
					<methods>
						<method name="&lt;init&gt;" signature="()V" line-rate="1.0" branch-rate="1.0">
							<lines>
								<line number="39" hits="5" branch="false"/>
								<line number="46" hits="5" branch="false"/>
								<line number="53" hits="5" branch="false"/>
								<line number="59" hits="5" branch="false"/>
								<line number="65" hits="5" branch="false"/>
								<line number="71" hits="5" branch="false"/>
								<line number="77" hits="5" branch="false"/>
								<line number="83" hits="5" branch="false"/>
								<line number="90" hits="5" branch="false"/>
								<line number="97" hits="5" branch="false"/>
								<line number="135" hits="5" branch="false"/>
								<line number="141" hits="5" branch="false"/>
								<line number="147" hits="5" branch="false"/>
								<line number="154" hits="5" branch="false"/>
								<line number="160" hits="5" branch="false"/>
								<line number="166" hits="5" branch="false"/>
								<line number="172" hits="5" branch="false"/>
								<line number="178" hits="5" branch="false"/>
								<line number="184" hits="5" branch="false"/>
								<line number="190" hits="5" branch="false"/>
								<line number="196" hits="5" branch="false"/>
								<line number="202" hits="5" branch="false"/>
								<line number="207" hits="5" branch="false"/>
								<line number="213" hits="5" branch="false"/>
							</lines>
						</method>
						<method name="getBuildFinalName" signature="()Ljava/lang/String;" line-rate="1.0" branch-rate="1.0">
							<lines>
								<line number="384" hits="1" branch="false"/>
							</lines>
						</method>
						<method name="getCatalinaBase" signature="()Ljava/io/File;" line-rate="1.0" branch-rate="1.0">
							<lines>
								<line number="324" hits="15" branch="false"/>
							</lines>
						</method>
						<method name="getConfigArtifact" signature="()Lcom/googlecode/t7mp/ConfigurationArtifact;" line-rate="1.0" branch-rate="1.0">
							<lines>
								<line number="516" hits="5" branch="false"/>
							</lines>
						</method>
						<method name="getContextFile" signature="()Ljava/io/File;" line-rate="1.0" branch-rate="1.0">
							<lines>
								<line number="444" hits="1" branch="false"/>
							</lines>
						</method>
						<method name="getContextPath" signature="()Ljava/lang/String;" line-rate="0.0" branch-rate="1.0">
							<lines>
								<line number="372" hits="0" branch="false"/>
							</lines>
						</method>
						<method name="getLibs" signature="()Ljava/util/List;" line-rate="1.0" branch-rate="1.0">
							<lines>
								<line number="480" hits="1" branch="false"/>
							</lines>
						</method>
						<method name="getOverwriteWebXML" signature="()Ljava/io/File;" line-rate="1.0" branch-rate="1.0">
							<lines>
								<line number="348" hits="1" branch="false"/>
							</lines>
						</method>
						<method name="getPackaging" signature="()Ljava/lang/String;" line-rate="0.0" branch-rate="1.0">
							<lines>
								<line number="408" hits="0" branch="false"/>
							</lines>
						</method>
						<method name="getScanners" signature="()Ljava/util/ArrayList;" line-rate="0.0" branch-rate="1.0">
							<lines>
								<line number="492" hits="0" branch="false"/>
							</lines>
						</method>
						<method name="getScanners" signature="()Ljava/util/List;" line-rate="1.0" branch-rate="1.0">
							<lines>
							</lines>
						</method>
						<method name="getSystemProperties" signature="()Ljava/util/Map;" line-rate="1.0" branch-rate="1.0">
							<lines>
								<line number="468" hits="1" branch="false"/>
							</lines>
						</method>
						<method name="getTomcatArtifact" signature="()Lcom/googlecode/t7mp/TomcatArtifact;" line-rate="1.0" branch-rate="1.0">
							<lines>
								<line number="548" hits="2" branch="false"/>
							</lines>
						</method>
						<method name="getTomcatConfigDirectory" signature="()Ljava/io/File;" line-rate="1.0" branch-rate="1.0">
							<lines>
								<line number="336" hits="1" branch="false"/>
							</lines>
						</method>
						<method name="getTomcatHostName" signature="()Ljava/lang/String;" line-rate="1.0" branch-rate="1.0">
							<lines>
								<line number="312" hits="1" branch="false"/>
							</lines>
						</method>
						<method name="getTomcatHttpPort" signature="()I" line-rate="1.0" branch-rate="1.0">
							<lines>
								<line number="268" hits="2" branch="false"/>
							</lines>
						</method>
						<method name="getTomcatShutdownCommand" signature="()Ljava/lang/String;" line-rate="1.0" branch-rate="1.0">
							<lines>
								<line number="292" hits="1" branch="false"/>
							</lines>
						</method>
						<method name="getTomcatShutdownHost" signature="()Ljava/lang/String;" line-rate="0.0" branch-rate="1.0">
							<lines>
								<line number="304" hits="0" branch="false"/>
							</lines>
						</method>
						<method name="getTomcatShutdownPort" signature="()I" line-rate="1.0" branch-rate="1.0">
							<lines>
								<line number="280" hits="2" branch="false"/>
							</lines>
						</method>
						<method name="getTomcatVersion" signature="()Ljava/lang/String;" line-rate="1.0" branch-rate="1.0">
							<lines>
								<line number="256" hits="3" branch="false"/>
							</lines>
						</method>
						<method name="getWebappClassDirectory" signature="()Ljava/io/File;" line-rate="0.0" branch-rate="1.0">
							<lines>
								<line number="432" hits="0" branch="false"/>
							</lines>
						</method>
						<method name="getWebappOutputDirectory" signature="()Ljava/io/File;" line-rate="1.0" branch-rate="1.0">
							<lines>
								<line number="360" hits="1" branch="false"/>
							</lines>
						</method>
						<method name="getWebappSourceDirectory" signature="()Ljava/io/File;" line-rate="0.0" branch-rate="1.0">
							<lines>
								<line number="396" hits="0" branch="false"/>
							</lines>
						</method>
						<method name="getWebapps" signature="()Ljava/util/ArrayList;" line-rate="1.0" branch-rate="1.0">
							<lines>
								<line number="456" hits="1" branch="false"/>
							</lines>
						</method>
						<method name="getWebapps" signature="()Ljava/util/List;" line-rate="1.0" branch-rate="1.0">
							<lines>
								<line number="31" hits="6" branch="false"/>
							</lines>
						</method>
						<method name="isDownloadTomcatExamples" signature="()Z" line-rate="1.0" branch-rate="1.0">
							<lines>
								<line number="536" hits="2" branch="false"/>
							</lines>
						</method>
						<method name="isLookInside" signature="()Z" line-rate="0.0" branch-rate="1.0">
							<lines>
								<line number="232" hits="0" branch="false"/>
							</lines>
						</method>
						<method name="isResolverUpdateSnapshotsAllways" signature="()Z" line-rate="0.0" branch-rate="1.0">
							<lines>
								<line number="244" hits="0" branch="false"/>
							</lines>
						</method>
						<method name="isScanClasses" signature="()Z" line-rate="0.0" branch-rate="1.0">
							<lines>
								<line number="420" hits="0" branch="false"/>
							</lines>
						</method>
						<method name="isSuspendConsoleOutput" signature="()Z" line-rate="0.0" branch-rate="1.0">
							<lines>
								<line number="504" hits="0" branch="false"/>
							</lines>
						</method>
						<method name="isTomcatSetAwait" signature="()Z" line-rate="0.0" branch-rate="1.0">
							<lines>
								<line number="220" hits="0" branch="false"/>
							</lines>
						</method>
						<method name="isWebProject" signature="()Z" line-rate="1.0" branch-rate="1.0">
							<lines>
								<line number="528" hits="1" branch="false"/>
							</lines>
						</method>
						<method name="setBuildFinalName" signature="(Ljava/lang/String;)V" line-rate="0.0" branch-rate="1.0">
							<lines>
								<line number="388" hits="0" branch="false"/>
								<line number="389" hits="0" branch="false"/>
							</lines>
						</method>
						<method name="setCatalinaBase" signature="(Ljava/io/File;)V" line-rate="1.0" branch-rate="1.0">
							<lines>
								<line number="328" hits="5" branch="false"/>
								<line number="329" hits="5" branch="false"/>
							</lines>
						</method>
						<method name="setConfigArtifact" signature="(Lcom/googlecode/t7mp/ConfigurationArtifact;)V" line-rate="1.0" branch-rate="1.0">
							<lines>
								<line number="520" hits="2" branch="false"/>
								<line number="521" hits="2" branch="false"/>
							</lines>
						</method>
						<method name="setContextFile" signature="(Ljava/io/File;)V" line-rate="0.0" branch-rate="1.0">
							<lines>
								<line number="448" hits="0" branch="false"/>
								<line number="449" hits="0" branch="false"/>
							</lines>
						</method>
						<method name="setContextPath" signature="(Ljava/lang/String;)V" line-rate="0.0" branch-rate="1.0">
							<lines>
								<line number="376" hits="0" branch="false"/>
								<line number="377" hits="0" branch="false"/>
							</lines>
						</method>
						<method name="setDownloadTomcatExamples" signature="(Z)V" line-rate="1.0" branch-rate="1.0">
							<lines>
								<line number="540" hits="4" branch="false"/>
								<line number="541" hits="4" branch="false"/>
							</lines>
						</method>
						<method name="setLibs" signature="(Ljava/util/List;)V" line-rate="0.0" branch-rate="1.0">
							<lines>
								<line number="484" hits="0" branch="false"/>
								<line number="485" hits="0" branch="false"/>
							</lines>
						</method>
						<method name="setLookInside" signature="(Z)V" line-rate="0.0" branch-rate="1.0">
							<lines>
								<line number="236" hits="0" branch="false"/>
								<line number="237" hits="0" branch="false"/>
							</lines>
						</method>
						<method name="setOverwriteWebXML" signature="(Ljava/io/File;)V" line-rate="0.0" branch-rate="1.0">
							<lines>
								<line number="352" hits="0" branch="false"/>
								<line number="353" hits="0" branch="false"/>
							</lines>
						</method>
						<method name="setPackaging" signature="(Ljava/lang/String;)V" line-rate="0.0" branch-rate="1.0">
							<lines>
								<line number="412" hits="0" branch="false"/>
								<line number="413" hits="0" branch="false"/>
							</lines>
						</method>
						<method name="setResolverUpdateSnapshotsAllways" signature="(Z)V" line-rate="0.0" branch-rate="1.0">
							<lines>
								<line number="248" hits="0" branch="false"/>
								<line number="249" hits="0" branch="false"/>
							</lines>
						</method>
						<method name="setScanClasses" signature="(Z)V" line-rate="0.0" branch-rate="1.0">
							<lines>
								<line number="424" hits="0" branch="false"/>
								<line number="425" hits="0" branch="false"/>
							</lines>
						</method>
						<method name="setScanners" signature="(Ljava/util/ArrayList;)V" line-rate="0.0" branch-rate="1.0">
							<lines>
								<line number="496" hits="0" branch="false"/>
								<line number="497" hits="0" branch="false"/>
							</lines>
						</method>
						<method name="setSuspendConsoleOutput" signature="(Z)V" line-rate="0.0" branch-rate="1.0">
							<lines>
								<line number="508" hits="0" branch="false"/>
								<line number="509" hits="0" branch="false"/>
							</lines>
						</method>
						<method name="setSystemProperties" signature="(Ljava/util/Map;)V" line-rate="0.0" branch-rate="1.0">
							<lines>
								<line number="472" hits="0" branch="false"/>
								<line number="473" hits="0" branch="false"/>
							</lines>
						</method>
						<method name="setTomcatArtifact" signature="(Lcom/googlecode/t7mp/TomcatArtifact;)V" line-rate="1.0" branch-rate="1.0">
							<lines>
								<line number="552" hits="4" branch="false"/>
								<line number="553" hits="4" branch="false"/>
							</lines>
						</method>
						<method name="setTomcatConfigDirectory" signature="(Ljava/io/File;)V" line-rate="0.0" branch-rate="1.0">
							<lines>
								<line number="340" hits="0" branch="false"/>
								<line number="341" hits="0" branch="false"/>
							</lines>
						</method>
						<method name="setTomcatHostName" signature="(Ljava/lang/String;)V" line-rate="0.0" branch-rate="1.0">
							<lines>
								<line number="316" hits="0" branch="false"/>
								<line number="317" hits="0" branch="false"/>
							</lines>
						</method>
						<method name="setTomcatHttpPort" signature="(I)V" line-rate="0.0" branch-rate="1.0">
							<lines>
								<line number="272" hits="0" branch="false"/>
								<line number="273" hits="0" branch="false"/>
							</lines>
						</method>
						<method name="setTomcatSetAwait" signature="(Z)V" line-rate="0.0" branch-rate="1.0">
							<lines>
								<line number="224" hits="0" branch="false"/>
								<line number="225" hits="0" branch="false"/>
							</lines>
						</method>
						<method name="setTomcatShutdownCommand" signature="(Ljava/lang/String;)V" line-rate="0.0" branch-rate="1.0">
							<lines>
								<line number="296" hits="0" branch="false"/>
								<line number="297" hits="0" branch="false"/>
							</lines>
						</method>
						<method name="setTomcatShutdownHost" signature="(Ljava/lang/String;)V" line-rate="0.0" branch-rate="1.0">
							<lines>
								<line number="308" hits="0" branch="false"/>
								<line number="309" hits="0" branch="false"/>
							</lines>
						</method>
						<method name="setTomcatShutdownPort" signature="(I)V" line-rate="0.0" branch-rate="1.0">
							<lines>
								<line number="284" hits="0" branch="false"/>
								<line number="285" hits="0" branch="false"/>
							</lines>
						</method>
						<method name="setTomcatVersion" signature="(Ljava/lang/String;)V" line-rate="1.0" branch-rate="1.0">
							<lines>
								<line number="260" hits="4" branch="false"/>
								<line number="261" hits="4" branch="false"/>
							</lines>
						</method>
						<method name="setWebappClassDirectory" signature="(Ljava/io/File;)V" line-rate="0.0" branch-rate="1.0">
							<lines>
								<line number="436" hits="0" branch="false"/>
								<line number="437" hits="0" branch="false"/>
							</lines>
						</method>
						<method name="setWebappOutputDirectory" signature="(Ljava/io/File;)V" line-rate="0.0" branch-rate="1.0">
							<lines>
								<line number="364" hits="0" branch="false"/>
								<line number="365" hits="0" branch="false"/>
							</lines>
						</method>
						<method name="setWebappSourceDirectory" signature="(Ljava/io/File;)V" line-rate="0.0" branch-rate="1.0">
							<lines>
								<line number="400" hits="0" branch="false"/>
								<line number="401" hits="0" branch="false"/>
							</lines>
						</method>
						<method name="setWebapps" signature="(Ljava/util/ArrayList;)V" line-rate="0.0" branch-rate="1.0">
							<lines>
								<line number="460" hits="0" branch="false"/>
								<line number="461" hits="0" branch="false"/>
							</lines>
						</method>
					</methods>
					<lines>
						<line number="31" hits="6" branch="false"/>
						<line number="39" hits="5" branch="false"/>
						<line number="46" hits="5" branch="false"/>
						<line number="53" hits="5" branch="false"/>
						<line number="59" hits="5" branch="false"/>
						<line number="65" hits="5" branch="false"/>
						<line number="71" hits="5" branch="false"/>
						<line number="77" hits="5" branch="false"/>
						<line number="83" hits="5" branch="false"/>
						<line number="90" hits="5" branch="false"/>
						<line number="97" hits="5" branch="false"/>
						<line number="135" hits="5" branch="false"/>
						<line number="141" hits="5" branch="false"/>
						<line number="147" hits="5" branch="false"/>
						<line number="154" hits="5" branch="false"/>
						<line number="160" hits="5" branch="false"/>
						<line number="166" hits="5" branch="false"/>
						<line number="172" hits="5" branch="false"/>
						<line number="178" hits="5" branch="false"/>
						<line number="184" hits="5" branch="false"/>
						<line number="190" hits="5" branch="false"/>
						<line number="196" hits="5" branch="false"/>
						<line number="202" hits="5" branch="false"/>
						<line number="207" hits="5" branch="false"/>
						<line number="213" hits="5" branch="false"/>
						<line number="220" hits="0" branch="false"/>
						<line number="224" hits="0" branch="false"/>
						<line number="225" hits="0" branch="false"/>
						<line number="232" hits="0" branch="false"/>
						<line number="236" hits="0" branch="false"/>
						<line number="237" hits="0" branch="false"/>
						<line number="244" hits="0" branch="false"/>
						<line number="248" hits="0" branch="false"/>
						<line number="249" hits="0" branch="false"/>
						<line number="256" hits="3" branch="false"/>
						<line number="260" hits="4" branch="false"/>
						<line number="261" hits="4" branch="false"/>
						<line number="268" hits="2" branch="false"/>
						<line number="272" hits="0" branch="false"/>
						<line number="273" hits="0" branch="false"/>
						<line number="280" hits="2" branch="false"/>
						<line number="284" hits="0" branch="false"/>
						<line number="285" hits="0" branch="false"/>
						<line number="292" hits="1" branch="false"/>
						<line number="296" hits="0" branch="false"/>
						<line number="297" hits="0" branch="false"/>
						<line number="304" hits="0" branch="false"/>
						<line number="308" hits="0" branch="false"/>
						<line number="309" hits="0" branch="false"/>
						<line number="312" hits="1" branch="false"/>
						<line number="316" hits="0" branch="false"/>
						<line number="317" hits="0" branch="false"/>
						<line number="324" hits="15" branch="false"/>
						<line number="328" hits="5" branch="false"/>
						<line number="329" hits="5" branch="false"/>
						<line number="336" hits="1" branch="false"/>
						<line number="340" hits="0" branch="false"/>
						<line number="341" hits="0" branch="false"/>
						<line number="348" hits="1" branch="false"/>
						<line number="352" hits="0" branch="false"/>
						<line number="353" hits="0" branch="false"/>
						<line number="360" hits="1" branch="false"/>
						<line number="364" hits="0" branch="false"/>
						<line number="365" hits="0" branch="false"/>
						<line number="372" hits="0" branch="false"/>
						<line number="376" hits="0" branch="false"/>
						<line number="377" hits="0" branch="false"/>
						<line number="384" hits="1" branch="false"/>
						<line number="388" hits="0" branch="false"/>
						<line number="389" hits="0" branch="false"/>
						<line number="396" hits="0" branch="false"/>
						<line number="400" hits="0" branch="false"/>
						<line number="401" hits="0" branch="false"/>
						<line number="408" hits="0" branch="false"/>
						<line number="412" hits="0" branch="false"/>
						<line number="413" hits="0" branch="false"/>
						<line number="420" hits="0" branch="false"/>
						<line number="424" hits="0" branch="false"/>
						<line number="425" hits="0" branch="false"/>
						<line number="432" hits="0" branch="false"/>
						<line number="436" hits="0" branch="false"/>
						<line number="437" hits="0" branch="false"/>
						<line number="444" hits="1" branch="false"/>
						<line number="448" hits="0" branch="false"/>
						<line number="449" hits="0" branch="false"/>
						<line number="456" hits="1" branch="false"/>
						<line number="460" hits="0" branch="false"/>
						<line number="461" hits="0" branch="false"/>
						<line number="468" hits="1" branch="false"/>
						<line number="472" hits="0" branch="false"/>
						<line number="473" hits="0" branch="false"/>
						<line number="480" hits="1" branch="false"/>
						<line number="484" hits="0" branch="false"/>
						<line number="485" hits="0" branch="false"/>
						<line number="492" hits="0" branch="false"/>
						<line number="496" hits="0" branch="false"/>
						<line number="497" hits="0" branch="false"/>
						<line number="504" hits="0" branch="false"/>
						<line number="508" hits="0" branch="false"/>
						<line number="509" hits="0" branch="false"/>
						<line number="516" hits="5" branch="false"/>
						<line number="520" hits="2" branch="false"/>
						<line number="521" hits="2" branch="false"/>
						<line number="528" hits="1" branch="false"/>
						<line number="536" hits="2" branch="false"/>
						<line number="540" hits="4" branch="false"/>
						<line number="541" hits="4" branch="false"/>
						<line number="548" hits="2" branch="false"/>
						<line number="552" hits="4" branch="false"/>
						<line number="553" hits="4" branch="false"/>
					</lines>
				</class>
				<class name="com.googlecode.t7mp.BootstrapHolder" filename="com/googlecode/t7mp/BootstrapHolder.java" line-rate="0.0" branch-rate="0.0" complexity="2.1666666666666665">
					<methods>
						<method name="&lt;init&gt;" signature="()V" line-rate="0.0" branch-rate="1.0">
							<lines>
								<line number="80" hits="0" branch="false"/>
							</lines>
						</method>
						<method name="access$000" signature="(Lcom/googlecode/t7mp/BootstrapHolder;)Lcom/googlecode/t7mp/PluginLog;" line-rate="1.0" branch-rate="1.0">
							<lines>
							</lines>
						</method>
						<method name="access$100" signature="(Lcom/googlecode/t7mp/BootstrapHolder;)Lorg/apache/catalina/startup/Bootstrap;" line-rate="1.0" branch-rate="1.0">
							<lines>
							</lines>
						</method>
						<method name="access$102" signature="(Lcom/googlecode/t7mp/BootstrapHolder;Lorg/apache/catalina/startup/Bootstrap;)Lorg/apache/catalina/startup/Bootstrap;" line-rate="1.0" branch-rate="1.0">
							<lines>
							</lines>
						</method>
						<method name="access$200" signature="(Lcom/googlecode/t7mp/BootstrapHolder;)Lcom/googlecode/t7mp/util/CatalinaOutPrintStream;" line-rate="0.0" branch-rate="1.0">
							<lines>
								<line number="23" hits="0" branch="false"/>
							</lines>
						</method>
						<method name="getBootstrap" signature="()Lorg/apache/catalina/startup/Bootstrap;" line-rate="0.0" branch-rate="1.0">
							<lines>
								<line number="69" hits="0" branch="false"/>
							</lines>
						</method>
						<method name="getSetupStepSequence" signature="()Lcom/googlecode/t7mp/steps/StepSequence;" line-rate="0.0" branch-rate="1.0">
							<lines>
								<line number="63" hits="0" branch="false"/>
								<line number="64" hits="0" branch="false"/>
								<line number="65" hits="0" branch="false"/>
							</lines>
						</method>
						<method name="startBootstrapInstance" signature="(Lcom/googlecode/t7mp/MavenPluginContext;)V" line-rate="0.0" branch-rate="0.0">
							<lines>
								<line number="31" hits="0" branch="false"/>
								<line number="32" hits="0" branch="false"/>
								<line number="34" hits="0" branch="false"/>
								<line number="36" hits="0" branch="false"/>
								<line number="37" hits="0" branch="false"/>
								<line number="39" hits="0" branch="false"/>
								<line number="40" hits="0" branch="false"/>
								<line number="42" hits="0" branch="false"/>
								<line number="43" hits="0" branch="false"/>
								<line number="45" hits="0" branch="false"/>
								<line number="46" hits="0" branch="false"/>
								<line number="47" hits="0" branch="true" condition-coverage="0% (0/2)">
									<conditions>
										<condition number="0" type="jump" coverage="0%"/>
									</conditions>
								</line>
								<line number="48" hits="0" branch="false"/>
								<line number="49" hits="0" branch="false"/>
								<line number="50" hits="0" branch="false"/>
								<line number="52" hits="0" branch="false"/>
								<line number="53" hits="0" branch="false"/>
								<line number="54" hits="0" branch="false"/>
								<line number="55" hits="0" branch="false"/>
								<line number="57" hits="0" branch="false"/>
								<line number="58" hits="0" branch="false"/>
								<line number="59" hits="0" branch="false"/>
								<line number="60" hits="0" branch="false"/>
							</lines>
						</method>
					</methods>
					<lines>
						<line number="23" hits="0" branch="false"/>
						<line number="31" hits="0" branch="false"/>
						<line number="32" hits="0" branch="false"/>
						<line number="34" hits="0" branch="false"/>
						<line number="36" hits="0" branch="false"/>
						<line number="37" hits="0" branch="false"/>
						<line number="39" hits="0" branch="false"/>
						<line number="40" hits="0" branch="false"/>
						<line number="42" hits="0" branch="false"/>
						<line number="43" hits="0" branch="false"/>
						<line number="45" hits="0" branch="false"/>
						<line number="46" hits="0" branch="false"/>
						<line number="47" hits="0" branch="true" condition-coverage="0% (0/2)">
							<conditions>
								<condition number="0" type="jump" coverage="0%"/>
							</conditions>
						</line>
						<line number="48" hits="0" branch="false"/>
						<line number="49" hits="0" branch="false"/>
						<line number="50" hits="0" branch="false"/>
						<line number="52" hits="0" branch="false"/>
						<line number="53" hits="0" branch="false"/>
						<line number="54" hits="0" branch="false"/>
						<line number="55" hits="0" branch="false"/>
						<line number="57" hits="0" branch="false"/>
						<line number="58" hits="0" branch="false"/>
						<line number="59" hits="0" branch="false"/>
						<line number="60" hits="0" branch="false"/>
						<line number="63" hits="0" branch="false"/>
						<line number="64" hits="0" branch="false"/>
						<line number="65" hits="0" branch="false"/>
						<line number="69" hits="0" branch="false"/>
						<line number="80" hits="0" branch="false"/>
					</lines>
				</class>
				<class name="com.googlecode.t7mp.BootstrapHolder$BootstrapShutdownHook" filename="com/googlecode/t7mp/BootstrapHolder.java" line-rate="0.0" branch-rate="0.0" complexity="2.1666666666666665">
					<methods>
						<method name="&lt;init&gt;" signature="(Lcom/googlecode/t7mp/BootstrapHolder;)V" line-rate="0.0" branch-rate="1.0">
							<lines>
								<line number="80" hits="0" branch="false"/>
								<line number="83" hits="0" branch="false"/>
							</lines>
						</method>
						<method name="addScanner" signature="(Lcom/googlecode/t7mp/scanner/Scanner;)V" line-rate="0.0" branch-rate="1.0">
							<lines>
								<line number="87" hits="0" branch="false"/>
								<line number="88" hits="0" branch="false"/>
							</lines>
						</method>
						<method name="run" signature="()V" line-rate="0.0" branch-rate="0.0">
							<lines>
								<line number="92" hits="0" branch="false"/>
								<line number="93" hits="0" branch="false"/>
								<line number="94" hits="0" branch="true" condition-coverage="0% (0/2)">
									<conditions>
										<condition number="0" type="jump" coverage="0%"/>
									</conditions>
								</line>
								<line number="96" hits="0" branch="false"/>
								<line number="97" hits="0" branch="false"/>
								<line number="98" hits="0" branch="false"/>
								<line number="99" hits="0" branch="false"/>
								<line number="100" hits="0" branch="false"/>
								<line number="101" hits="0" branch="false"/>
								<line number="102" hits="0" branch="false"/>
								<line number="104" hits="0" branch="true" condition-coverage="0% (0/2)">
									<conditions>
										<condition number="0" type="jump" coverage="0%"/>
									</conditions>
								</line>
								<line number="105" hits="0" branch="false"/>
								<line number="106" hits="0" branch="false"/>
								<line number="107" hits="0" branch="false"/>
								<line number="109" hits="0" branch="false"/>
							</lines>
						</method>
						<method name="stopScanners" signature="()V" line-rate="0.0" branch-rate="0.0">
							<lines>
								<line number="113" hits="0" branch="true" condition-coverage="0% (0/2)">
									<conditions>
										<condition number="0" type="jump" coverage="0%"/>
									</conditions>
								</line>
								<line number="114" hits="0" branch="false"/>
								<line number="115" hits="0" branch="false"/>
								<line number="116" hits="0" branch="false"/>
							</lines>
						</method>
					</methods>
					<lines>
						<line number="80" hits="0" branch="false"/>
						<line number="83" hits="0" branch="false"/>
						<line number="87" hits="0" branch="false"/>
						<line number="88" hits="0" branch="false"/>
						<line number="92" hits="0" branch="false"/>
						<line number="93" hits="0" branch="false"/>
						<line number="94" hits="0" branch="true" condition-coverage="0% (0/2)">
							<conditions>
								<condition number="0" type="jump" coverage="0%"/>
							</conditions>
						</line>
						<line number="96" hits="0" branch="false"/>
						<line number="97" hits="0" branch="false"/>
						<line number="98" hits="0" branch="false"/>
						<line number="99" hits="0" branch="false"/>
						<line number="100" hits="0" branch="false"/>
						<line number="101" hits="0" branch="false"/>
						<line number="102" hits="0" branch="false"/>
						<line number="104" hits="0" branch="true" condition-coverage="0% (0/2)">
							<conditions>
								<condition number="0" type="jump" coverage="0%"/>
							</conditions>
						</line>
						<line number="105" hits="0" branch="false"/>
						<line number="106" hits="0" branch="false"/>
						<line number="107" hits="0" branch="false"/>
						<line number="109" hits="0" branch="false"/>
						<line number="113" hits="0" branch="true" condition-coverage="0% (0/2)">
							<conditions>
								<condition number="0" type="jump" coverage="0%"/>
							</conditions>
						</line>
						<line number="114" hits="0" branch="false"/>
						<line number="115" hits="0" branch="false"/>
						<line number="116" hits="0" branch="false"/>
					</lines>
				</class>
				<class name="com.googlecode.t7mp.CheckT7ArtifactsStep" filename="com/googlecode/t7mp/CheckT7ArtifactsStep.java" line-rate="0.05555555555555555" branch-rate="0.0" complexity="4.0">
					<methods>
						<method name="&lt;init&gt;" signature="()V" line-rate="1.0" branch-rate="1.0">
							<lines>
								<line number="29" hits="1" branch="false"/>
								<line number="37" hits="1" branch="false"/>
							</lines>
						</method>
						<method name="execute" signature="(Lcom/googlecode/t7mp/steps/Context;)V" line-rate="0.0" branch-rate="0.0">
							<lines>
								<line number="42" hits="0" branch="false"/>
								<line number="43" hits="0" branch="false"/>
								<line number="44" hits="0" branch="false"/>
								<line number="45" hits="0" branch="false"/>
								<line number="46" hits="0" branch="false"/>
								<line number="47" hits="0" branch="false"/>
								<line number="48" hits="0" branch="false"/>
								<line number="49" hits="0" branch="false"/>
								<line number="50" hits="0" branch="true" condition-coverage="0% (0/2)">
									<conditions>
										<condition number="0" type="jump" coverage="0%"/>
									</conditions>
								</line>
								<line number="51" hits="0" branch="false"/>
								<line number="52" hits="0" branch="false"/>
								<line number="53" hits="0" branch="false"/>
								<line number="54" hits="0" branch="true" condition-coverage="0% (0/2)">
									<conditions>
										<condition number="0" type="jump" coverage="0%"/>
									</conditions>
								</line>
								<line number="55" hits="0" branch="false"/>
								<line number="56" hits="0" branch="false"/>
								<line number="57" hits="0" branch="false"/>
								<line number="58" hits="0" branch="false"/>
								<line number="60" hits="0" branch="false"/>
								<line number="61" hits="0" branch="false"/>
								<line number="63" hits="0" branch="false"/>
								<line number="65" hits="0" branch="false"/>
								<line number="66" hits="0" branch="false"/>
								<line number="67" hits="0" branch="false"/>
								<line number="68" hits="0" branch="false"/>
								<line number="69" hits="0" branch="true" condition-coverage="0% (0/2)">
									<conditions>
										<condition number="0" type="jump" coverage="0%"/>
									</conditions>
								</line>
								<line number="70" hits="0" branch="true" condition-coverage="0% (0/2)">
									<conditions>
										<condition number="0" type="jump" coverage="0%"/>
									</conditions>
								</line>
								<line number="71" hits="0" branch="false"/>
								<line number="72" hits="0" branch="false"/>
								<line number="73" hits="0" branch="false"/>
								<line number="76" hits="0" branch="false"/>
							</lines>
						</method>
						<method name="logDependencies" signature="(Ljava/util/List;)V" line-rate="0.0" branch-rate="0.0">
							<lines>
								<line number="79" hits="0" branch="true" condition-coverage="0% (0/2)">
									<conditions>
										<condition number="0" type="jump" coverage="0%"/>
									</conditions>
								</line>
								<line number="80" hits="0" branch="false"/>
								<line number="82" hits="0" branch="false"/>
								<line number="83" hits="0" branch="false"/>
							</lines>
						</method>
					</methods>
					<lines>
						<line number="29" hits="1" branch="false"/>
						<line number="37" hits="1" branch="false"/>
						<line number="42" hits="0" branch="false"/>
						<line number="43" hits="0" branch="false"/>
						<line number="44" hits="0" branch="false"/>
						<line number="45" hits="0" branch="false"/>
						<line number="46" hits="0" branch="false"/>
						<line number="47" hits="0" branch="false"/>
						<line number="48" hits="0" branch="false"/>
						<line number="49" hits="0" branch="false"/>
						<line number="50" hits="0" branch="true" condition-coverage="0% (0/2)">
							<conditions>
								<condition number="0" type="jump" coverage="0%"/>
							</conditions>
						</line>
						<line number="51" hits="0" branch="false"/>
						<line number="52" hits="0" branch="false"/>
						<line number="53" hits="0" branch="false"/>
						<line number="54" hits="0" branch="true" condition-coverage="0% (0/2)">
							<conditions>
								<condition number="0" type="jump" coverage="0%"/>
							</conditions>
						</line>
						<line number="55" hits="0" branch="false"/>
						<line number="56" hits="0" branch="false"/>
						<line number="57" hits="0" branch="false"/>
						<line number="58" hits="0" branch="false"/>
						<line number="60" hits="0" branch="false"/>
						<line number="61" hits="0" branch="false"/>
						<line number="63" hits="0" branch="false"/>
						<line number="65" hits="0" branch="false"/>
						<line number="66" hits="0" branch="false"/>
						<line number="67" hits="0" branch="false"/>
						<line number="68" hits="0" branch="false"/>
						<line number="69" hits="0" branch="true" condition-coverage="0% (0/2)">
							<conditions>
								<condition number="0" type="jump" coverage="0%"/>
							</conditions>
						</line>
						<line number="70" hits="0" branch="true" condition-coverage="0% (0/2)">
							<conditions>
								<condition number="0" type="jump" coverage="0%"/>
							</conditions>
						</line>
						<line number="71" hits="0" branch="false"/>
						<line number="72" hits="0" branch="false"/>
						<line number="73" hits="0" branch="false"/>
						<line number="76" hits="0" branch="false"/>
						<line number="79" hits="0" branch="true" condition-coverage="0% (0/2)">
							<conditions>
								<condition number="0" type="jump" coverage="0%"/>
							</conditions>
						</line>
						<line number="80" hits="0" branch="false"/>
						<line number="82" hits="0" branch="false"/>
						<line number="83" hits="0" branch="false"/>
					</lines>
				</class>
				<class name="com.googlecode.t7mp.ConfigurationArtifact" filename="com/googlecode/t7mp/ConfigurationArtifact.java" line-rate="1.0" branch-rate="1.0" complexity="1.0">
					<methods>
						<method name="&lt;init&gt;" signature="()V" line-rate="1.0" branch-rate="1.0">
							<lines>
								<line number="24" hits="3" branch="false"/>
							</lines>
						</method>
						<method name="toString" signature="()Ljava/lang/String;" line-rate="1.0" branch-rate="1.0">
							<lines>
								<line number="28" hits="1" branch="false"/>
							</lines>
						</method>
					</methods>
					<lines>
						<line number="24" hits="3" branch="false"/>
						<line number="28" hits="1" branch="false"/>
					</lines>
				</class>
				<class name="com.googlecode.t7mp.DefaultMavenPluginContext" filename="com/googlecode/t7mp/DefaultMavenPluginContext.java" line-rate="0.0" branch-rate="1.0" complexity="1.0">
					<methods>
						<method name="&lt;init&gt;" signature="(Lcom/googlecode/t7mp/steps/Context;Lcom/googlecode/t7mp/AbstractT7BaseMojo;)V" line-rate="0.0" branch-rate="1.0">
							<lines>
								<line number="31" hits="0" branch="false"/>
								<line number="32" hits="0" branch="false"/>
								<line number="33" hits="0" branch="false"/>
								<line number="34" hits="0" branch="false"/>
							</lines>
						</method>
						<method name="clear" signature="()V" line-rate="0.0" branch-rate="1.0">
							<lines>
								<line number="64" hits="0" branch="false"/>
								<line number="65" hits="0" branch="false"/>
							</lines>
						</method>
						<method name="get" signature="(Ljava/lang/String;)Ljava/lang/Object;" line-rate="0.0" branch-rate="1.0">
							<lines>
								<line number="59" hits="0" branch="false"/>
							</lines>
						</method>
						<method name="getArtifactResolver" signature="()Lcom/googlecode/t7mp/configuration/PluginArtifactResolver;" line-rate="0.0" branch-rate="1.0">
							<lines>
								<line number="43" hits="0" branch="false"/>
							</lines>
						</method>
						<method name="getConfiguration" signature="()Lcom/googlecode/t7mp/T7Configuration;" line-rate="0.0" branch-rate="1.0">
							<lines>
								<line number="48" hits="0" branch="false"/>
							</lines>
						</method>
						<method name="getLog" signature="()Lcom/googlecode/t7mp/PluginLog;" line-rate="0.0" branch-rate="1.0">
							<lines>
								<line number="38" hits="0" branch="false"/>
							</lines>
						</method>
						<method name="getMojo" signature="()Lcom/googlecode/t7mp/AbstractT7BaseMojo;" line-rate="0.0" branch-rate="1.0">
							<lines>
								<line number="69" hits="0" branch="false"/>
							</lines>
						</method>
						<method name="put" signature="(Ljava/lang/String;Ljava/lang/Object;)V" line-rate="0.0" branch-rate="1.0">
							<lines>
								<line number="53" hits="0" branch="false"/>
								<line number="55" hits="0" branch="false"/>
							</lines>
						</method>
					</methods>
					<lines>
						<line number="31" hits="0" branch="false"/>
						<line number="32" hits="0" branch="false"/>
						<line number="33" hits="0" branch="false"/>
						<line number="34" hits="0" branch="false"/>
						<line number="38" hits="0" branch="false"/>
						<line number="43" hits="0" branch="false"/>
						<line number="48" hits="0" branch="false"/>
						<line number="53" hits="0" branch="false"/>
						<line number="55" hits="0" branch="false"/>
						<line number="59" hits="0" branch="false"/>
						<line number="64" hits="0" branch="false"/>
						<line number="65" hits="0" branch="false"/>
						<line number="69" hits="0" branch="false"/>
					</lines>
				</class>
				<class name="com.googlecode.t7mp.DefaultPluginLog" filename="com/googlecode/t7mp/DefaultPluginLog.java" line-rate="0.4117647058823529" branch-rate="1.0" complexity="1.0">
					<methods>
						<method name="&lt;init&gt;" signature="()V" line-rate="1.0" branch-rate="1.0">
							<lines>
								<line number="23" hits="21" branch="false"/>
							</lines>
						</method>
						<method name="debug" signature="(Ljava/lang/CharSequence;)V" line-rate="1.0" branch-rate="1.0">
							<lines>
								<line number="27" hits="53" branch="false"/>
								<line number="28" hits="53" branch="false"/>
							</lines>
						</method>
						<method name="debug" signature="(Ljava/lang/CharSequence;Ljava/lang/Throwable;)V" line-rate="0.0" branch-rate="1.0">
							<lines>
								<line number="37" hits="0" branch="false"/>
								<line number="38" hits="0" branch="false"/>
								<line number="39" hits="0" branch="false"/>
							</lines>
						</method>
						<method name="debug" signature="(Ljava/lang/Throwable;)V" line-rate="0.0" branch-rate="1.0">
							<lines>
								<line number="32" hits="0" branch="false"/>
								<line number="33" hits="0" branch="false"/>
							</lines>
						</method>
						<method name="error" signature="(Ljava/lang/CharSequence;)V" line-rate="1.0" branch-rate="1.0">
							<lines>
								<line number="48" hits="2" branch="false"/>
								<line number="49" hits="2" branch="false"/>
							</lines>
						</method>
						<method name="error" signature="(Ljava/lang/CharSequence;Ljava/lang/Throwable;)V" line-rate="1.0" branch-rate="1.0">
							<lines>
								<line number="58" hits="3" branch="false"/>
								<line number="59" hits="3" branch="false"/>
								<line number="60" hits="3" branch="false"/>
							</lines>
						</method>
						<method name="error" signature="(Ljava/lang/Throwable;)V" line-rate="0.0" branch-rate="1.0">
							<lines>
								<line number="53" hits="0" branch="false"/>
								<line number="54" hits="0" branch="false"/>
							</lines>
						</method>
						<method name="formatMessage" signature="(Ljava/lang/CharSequence;)Ljava/lang/String;" line-rate="1.0" branch-rate="1.0">
							<lines>
								<line number="43" hits="72" branch="false"/>
							</lines>
						</method>
						<method name="info" signature="(Ljava/lang/CharSequence;)V" line-rate="1.0" branch-rate="1.0">
							<lines>
								<line number="64" hits="12" branch="false"/>
								<line number="65" hits="12" branch="false"/>
							</lines>
						</method>
						<method name="info" signature="(Ljava/lang/CharSequence;Ljava/lang/Throwable;)V" line-rate="0.0" branch-rate="1.0">
							<lines>
								<line number="74" hits="0" branch="false"/>
								<line number="75" hits="0" branch="false"/>
								<line number="76" hits="0" branch="false"/>
							</lines>
						</method>
						<method name="info" signature="(Ljava/lang/Throwable;)V" line-rate="0.0" branch-rate="1.0">
							<lines>
								<line number="69" hits="0" branch="false"/>
								<line number="70" hits="0" branch="false"/>
							</lines>
						</method>
						<method name="isDebugEnabled" signature="()Z" line-rate="1.0" branch-rate="1.0">
							<lines>
								<line number="80" hits="1" branch="false"/>
							</lines>
						</method>
						<method name="isErrorEnabled" signature="()Z" line-rate="0.0" branch-rate="1.0">
							<lines>
								<line number="85" hits="0" branch="false"/>
							</lines>
						</method>
						<method name="isInfoEnabled" signature="()Z" line-rate="0.0" branch-rate="1.0">
							<lines>
								<line number="90" hits="0" branch="false"/>
							</lines>
						</method>
						<method name="isWarnEnabled" signature="()Z" line-rate="0.0" branch-rate="1.0">
							<lines>
								<line number="95" hits="0" branch="false"/>
							</lines>
						</method>
[...]
						<method name="forXmlFiles" signature="()Ljava/io/FileFilter;" line-rate="0.0" branch-rate="1.0">
							<lines>
								<line number="48" hits="0" branch="false"/>
							</lines>
						</method>
					</methods>
					<lines>
						<line number="34" hits="0" branch="false"/>
						<line number="36" hits="0" branch="false"/>
						<line number="39" hits="2" branch="false"/>
						<line number="48" hits="0" branch="false"/>
						<line number="57" hits="0" branch="false"/>
						<line number="66" hits="0" branch="false"/>
						<line number="75" hits="0" branch="false"/>
					</lines>
				</class>
				<class name="com.googlecode.t7mp.util.FileFilters$1" filename="com/googlecode/t7mp/util/FileFilters.java" line-rate="1.0" branch-rate="1.0" complexity="1.3636363636363635">
					<methods>
						<method name="&lt;init&gt;" signature="()V" line-rate="1.0" branch-rate="1.0">
							<lines>
								<line number="39" hits="2" branch="false"/>
							</lines>
						</method>
						<method name="accept" signature="(Ljava/io/File;)Z" line-rate="1.0" branch-rate="1.0">
							<lines>
								<line number="42" hits="4" branch="false"/>
							</lines>
						</method>
					</methods>
					<lines>
						<line number="39" hits="2" branch="false"/>
						<line number="42" hits="4" branch="false"/>
					</lines>
				</class>
				<class name="com.googlecode.t7mp.util.FileFilters$2" filename="com/googlecode/t7mp/util/FileFilters.java" line-rate="0.0" branch-rate="0.0" complexity="1.3636363636363635">
					<methods>
						<method name="&lt;init&gt;" signature="()V" line-rate="0.0" branch-rate="1.0">
							<lines>
								<line number="48" hits="0" branch="false"/>
							</lines>
						</method>
						<method name="accept" signature="(Ljava/io/File;)Z" line-rate="0.0" branch-rate="0.0">
							<lines>
								<line number="51" hits="0" branch="true" condition-coverage="0% (0/4)">
									<conditions>
										<condition number="0" type="jump" coverage="0%"/>
										<condition number="1" type="jump" coverage="0%"/>
									</conditions>
								</line>
							</lines>
						</method>
					</methods>
					<lines>
						<line number="48" hits="0" branch="false"/>
						<line number="51" hits="0" branch="true" condition-coverage="0% (0/4)">
							<conditions>
								<condition number="0" type="jump" coverage="0%"/>
								<condition number="1" type="jump" coverage="0%"/>
							</conditions>
						</line>
					</lines>
				</class>
				<class name="com.googlecode.t7mp.util.FileFilters$3" filename="com/googlecode/t7mp/util/FileFilters.java" line-rate="0.0" branch-rate="0.0" complexity="1.3636363636363635">
					<methods>
						<method name="&lt;init&gt;" signature="()V" line-rate="0.0" branch-rate="1.0">
							<lines>
								<line number="57" hits="0" branch="false"/>
							</lines>
						</method>
						<method name="accept" signature="(Ljava/io/File;)Z" line-rate="0.0" branch-rate="0.0">
							<lines>
								<line number="60" hits="0" branch="true" condition-coverage="0% (0/4)">
									<conditions>
										<condition number="0" type="jump" coverage="0%"/>
										<condition number="1" type="jump" coverage="0%"/>
									</conditions>
								</line>
							</lines>
						</method>
					</methods>
					<lines>
						<line number="57" hits="0" branch="false"/>
						<line number="60" hits="0" branch="true" condition-coverage="0% (0/4)">
							<conditions>
								<condition number="0" type="jump" coverage="0%"/>
								<condition number="1" type="jump" coverage="0%"/>
							</conditions>
						</line>
					</lines>
				</class>
				<class name="com.googlecode.t7mp.util.FileFilters$4" filename="com/googlecode/t7mp/util/FileFilters.java" line-rate="0.0" branch-rate="0.0" complexity="1.3636363636363635">
					<methods>
						<method name="&lt;init&gt;" signature="()V" line-rate="0.0" branch-rate="1.0">
							<lines>
								<line number="66" hits="0" branch="false"/>
							</lines>
						</method>
						<method name="accept" signature="(Ljava/io/File;)Z" line-rate="0.0" branch-rate="0.0">
							<lines>
								<line number="69" hits="0" branch="true" condition-coverage="0% (0/4)">
									<conditions>
										<condition number="0" type="jump" coverage="0%"/>
										<condition number="1" type="jump" coverage="0%"/>
									</conditions>
								</line>
							</lines>
						</method>
					</methods>
					<lines>
						<line number="66" hits="0" branch="false"/>
						<line number="69" hits="0" branch="true" condition-coverage="0% (0/4)">
							<conditions>
								<condition number="0" type="jump" coverage="0%"/>
								<condition number="1" type="jump" coverage="0%"/>
							</conditions>
						</line>
					</lines>
				</class>
				<class name="com.googlecode.t7mp.util.FileFilters$5" filename="com/googlecode/t7mp/util/FileFilters.java" line-rate="0.0" branch-rate="0.0" complexity="1.3636363636363635">
					<methods>
						<method name="&lt;init&gt;" signature="()V" line-rate="0.0" branch-rate="1.0">
							<lines>
								<line number="75" hits="0" branch="false"/>
							</lines>
						</method>
						<method name="accept" signature="(Ljava/io/File;)Z" line-rate="0.0" branch-rate="0.0">
							<lines>
								<line number="78" hits="0" branch="true" condition-coverage="0% (0/4)">
									<conditions>
										<condition number="0" type="jump" coverage="0%"/>
										<condition number="1" type="jump" coverage="0%"/>
									</conditions>
								</line>
							</lines>
						</method>
					</methods>
					<lines>
						<line number="75" hits="0" branch="false"/>
						<line number="78" hits="0" branch="true" condition-coverage="0% (0/4)">
							<conditions>
								<condition number="0" type="jump" coverage="0%"/>
								<condition number="1" type="jump" coverage="0%"/>
							</conditions>
						</line>
					</lines>
				</class>
				<class name="com.googlecode.t7mp.util.FileUtil" filename="com/googlecode/t7mp/util/FileUtil.java" line-rate="0.42105263157894735" branch-rate="0.5833333333333334" complexity="2.2">
					<methods>
						<method name="&lt;init&gt;" signature="()V" line-rate="0.0" branch-rate="1.0">
							<lines>
								<line number="32" hits="0" branch="false"/>
								<line number="34" hits="0" branch="false"/>
							</lines>
						</method>
						<method name="getAllFiles" signature="(Ljava/io/File;)Ljava/util/Set;" line-rate="0.0" branch-rate="1.0">
							<lines>
								<line number="37" hits="0" branch="false"/>
								<line number="38" hits="0" branch="false"/>
							</lines>
						</method>
						<method name="getAllFiles" signature="(Ljava/io/File;Ljava/io/FileFilter;Z)Ljava/util/Set;" line-rate="1.0" branch-rate="1.0">
							<lines>
								<line number="42" hits="2" branch="false"/>
								<line number="43" hits="2" branch="false"/>
							</lines>
						</method>
						<method name="getAllFiles" signature="(Ljava/io/File;Ljava/util/Set;)Ljava/util/Set;" line-rate="0.0" branch-rate="0.0">
							<lines>
								<line number="47" hits="0" branch="false"/>
								<line number="48" hits="0" branch="true" condition-coverage="0% (0/2)">
									<conditions>
										<condition number="0" type="jump" coverage="0%"/>
									</conditions>
								</line>
								<line number="49" hits="0" branch="true" condition-coverage="0% (0/2)">
									<conditions>
										<condition number="0" type="jump" coverage="0%"/>
									</conditions>
								</line>
								<line number="50" hits="0" branch="false"/>
								<line number="52" hits="0" branch="false"/>
								<line number="55" hits="0" branch="false"/>
							</lines>
						</method>
						<method name="getAllFiles" signature="(Ljava/io/File;Ljava/util/Set;Ljava/io/FileFilter;Z)Ljava/util/Set;" line-rate="0.8571428571428571" branch-rate="0.875">
							<lines>
								<line number="60" hits="2" branch="false"/>
								<line number="61" hits="6" branch="true" condition-coverage="100% (2/2)">
									<conditions>
										<condition number="0" type="jump" coverage="100%"/>
									</conditions>
								</line>
								<line number="62" hits="4" branch="true" condition-coverage="75% (3/4)">
									<conditions>
										<condition number="0" type="jump" coverage="100%"/>
										<condition number="1" type="jump" coverage="50%"/>
									</conditions>
								</line>
								<line number="63" hits="0" branch="false"/>
								<line number="65" hits="4" branch="true" condition-coverage="100% (2/2)">
									<conditions>
										<condition number="0" type="jump" coverage="100%"/>
									</conditions>
								</line>
								<line number="66" hits="2" branch="false"/>
								<line number="70" hits="2" branch="false"/>
							</lines>
						</method>
					</methods>
					<lines>
						<line number="32" hits="0" branch="false"/>
						<line number="34" hits="0" branch="false"/>
						<line number="37" hits="0" branch="false"/>
						<line number="38" hits="0" branch="false"/>
						<line number="42" hits="2" branch="false"/>
						<line number="43" hits="2" branch="false"/>
						<line number="47" hits="0" branch="false"/>
						<line number="48" hits="0" branch="true" condition-coverage="0% (0/2)">
							<conditions>
								<condition number="0" type="jump" coverage="0%"/>
							</conditions>
						</line>
						<line number="49" hits="0" branch="true" condition-coverage="0% (0/2)">
							<conditions>
								<condition number="0" type="jump" coverage="0%"/>
							</conditions>
						</line>
						<line number="50" hits="0" branch="false"/>
						<line number="52" hits="0" branch="false"/>
						<line number="55" hits="0" branch="false"/>
						<line number="60" hits="2" branch="false"/>
						<line number="61" hits="6" branch="true" condition-coverage="100% (2/2)">
							<conditions>
								<condition number="0" type="jump" coverage="100%"/>
							</conditions>
						</line>
						<line number="62" hits="4" branch="true" condition-coverage="75% (3/4)">
							<conditions>
								<condition number="0" type="jump" coverage="100%"/>
								<condition number="1" type="jump" coverage="50%"/>
							</conditions>
						</line>
						<line number="63" hits="0" branch="false"/>
						<line number="65" hits="4" branch="true" condition-coverage="100% (2/2)">
							<conditions>
								<condition number="0" type="jump" coverage="100%"/>
							</conditions>
						</line>
						<line number="66" hits="2" branch="false"/>
						<line number="70" hits="2" branch="false"/>
					</lines>
				</class>
				<class name="com.googlecode.t7mp.util.FilesOnlyFileFilter" filename="com/googlecode/t7mp/util/FilesOnlyFileFilter.java" line-rate="1.0" branch-rate="1.0" complexity="1.0">
					<methods>
						<method name="&lt;init&gt;" signature="()V" line-rate="1.0" branch-rate="1.0">
							<lines>
								<line number="26" hits="2" branch="false"/>
							</lines>
						</method>
						<method name="accept" signature="(Ljava/io/File;)Z" line-rate="1.0" branch-rate="1.0">
							<lines>
								<line number="30" hits="3" branch="false"/>
							</lines>
						</method>
					</methods>
					<lines>
						<line number="26" hits="2" branch="false"/>
						<line number="30" hits="3" branch="false"/>
					</lines>
				</class>
				<class name="com.googlecode.t7mp.util.SystemUtil" filename="com/googlecode/t7mp/util/SystemUtil.java" line-rate="0.3333333333333333" branch-rate="1.0" complexity="1.0">
					<methods>
						<method name="&lt;init&gt;" signature="()V" line-rate="0.0" branch-rate="1.0">
							<lines>
								<line number="25" hits="0" branch="false"/>
								<line number="27" hits="0" branch="false"/>
							</lines>
						</method>
						<method name="isWindowsSystem" signature="()Z" line-rate="1.0" branch-rate="1.0">
							<lines>
								<line number="32" hits="1" branch="false"/>
							</lines>
						</method>
					</methods>
					<lines>
						<line number="25" hits="0" branch="false"/>
						<line number="27" hits="0" branch="false"/>
						<line number="32" hits="1" branch="false"/>
					</lines>
				</class>
				<class name="com.googlecode.t7mp.util.TomcatUtil" filename="com/googlecode/t7mp/util/TomcatUtil.java" line-rate="0.08333333333333333" branch-rate="0.0" complexity="1.5714285714285714">
					<methods>
						<method name="&lt;init&gt;" signature="()V" line-rate="0.0" branch-rate="1.0">
							<lines>
								<line number="27" hits="0" branch="false"/>
								<line number="29" hits="0" branch="false"/>
							</lines>
						</method>
						<method name="getBinDirectory" signature="(Ljava/io/File;)Ljava/io/File;" line-rate="1.0" branch-rate="1.0">
							<lines>
								<line number="32" hits="1" branch="false"/>
							</lines>
						</method>
						<method name="getLibDirectory" signature="(Ljava/io/File;)Ljava/io/File;" line-rate="0.0" branch-rate="1.0">
							<lines>
								<line number="44" hits="0" branch="false"/>
							</lines>
						</method>
						<method name="getStartScriptName" signature="()Ljava/lang/String;" line-rate="0.0" branch-rate="0.0">
							<lines>
								<line number="57" hits="0" branch="true" condition-coverage="0% (0/2)">
									<conditions>
										<condition number="0" type="jump" coverage="0%"/>
									</conditions>
								</line>
								<line number="58" hits="0" branch="false"/>
								<line number="60" hits="0" branch="false"/>
							</lines>
						</method>
						<method name="getStopScriptName" signature="()Ljava/lang/String;" line-rate="0.0" branch-rate="0.0">
							<lines>
								<line number="48" hits="0" branch="true" condition-coverage="0% (0/2)">
									<conditions>
										<condition number="0" type="jump" coverage="0%"/>
									</conditions>
								</line>
								<line number="49" hits="0" branch="false"/>
								<line number="51" hits="0" branch="false"/>
							</lines>
						</method>
						<method name="getTempDirectory" signature="(Ljava/io/File;)Ljava/io/File;" line-rate="0.0" branch-rate="1.0">
							<lines>
								<line number="40" hits="0" branch="false"/>
							</lines>
						</method>
						<method name="getWebappsDirectory" signature="(Ljava/io/File;)Ljava/io/File;" line-rate="0.0" branch-rate="1.0">
							<lines>
								<line number="36" hits="0" branch="false"/>
							</lines>
						</method>
					</methods>
					<lines>
						<line number="27" hits="0" branch="false"/>
						<line number="29" hits="0" branch="false"/>
						<line number="32" hits="1" branch="false"/>
						<line number="36" hits="0" branch="false"/>
						<line number="40" hits="0" branch="false"/>
						<line number="44" hits="0" branch="false"/>
						<line number="48" hits="0" branch="true" condition-coverage="0% (0/2)">
							<conditions>
								<condition number="0" type="jump" coverage="0%"/>
							</conditions>
						</line>
						<line number="49" hits="0" branch="false"/>
						<line number="51" hits="0" branch="false"/>
						<line number="57" hits="0" branch="true" condition-coverage="0% (0/2)">
							<conditions>
								<condition number="0" type="jump" coverage="0%"/>
							</conditions>
						</line>
						<line number="58" hits="0" branch="false"/>
						<line number="60" hits="0" branch="false"/>
					</lines>
				</class>
				<class name="com.googlecode.t7mp.util.ZipUtil" filename="com/googlecode/t7mp/util/ZipUtil.java" line-rate="0.7333333333333333" branch-rate="0.8333333333333334" complexity="4.0">
					<methods>
						<method name="&lt;init&gt;" signature="()V" line-rate="0.0" branch-rate="1.0">
							<lines>
								<line number="34" hits="0" branch="false"/>
								<line number="36" hits="0" branch="false"/>
							</lines>
						</method>
						<method name="unzip" signature="(Ljava/io/File;Ljava/io/File;)V" line-rate="0.6" branch-rate="1.0">
							<lines>
								<line number="40" hits="3" branch="false"/>
								<line number="41" hits="0" branch="false"/>
								<line number="42" hits="0" branch="false"/>
								<line number="43" hits="3" branch="false"/>
								<line number="44" hits="3" branch="false"/>
							</lines>
						</method>
						<method name="unzip" signature="(Ljava/io/InputStream;Ljava/io/File;)V" line-rate="0.8260869565217391" branch-rate="0.8333333333333334">
							<lines>
								<line number="48" hits="4" branch="false"/>
								<line number="50" hits="4" branch="false"/>
								<line number="52" hits="4" branch="false"/>
								<line number="53" hits="1300" branch="true" condition-coverage="100% (2/2)">
									<conditions>
										<condition number="0" type="jump" coverage="100%"/>
									</conditions>
								</line>
								<line number="54" hits="1296" branch="false"/>
								<line number="55" hits="1296" branch="false"/>
								<line number="56" hits="1296" branch="true" condition-coverage="100% (2/2)">
									<conditions>
										<condition number="0" type="jump" coverage="100%"/>
									</conditions>
								</line>
								<line number="57" hits="206" branch="false"/>
								<line number="58" hits="206" branch="false"/>
								<line number="60" hits="1090" branch="false"/>
								<line number="62" hits="1090" branch="false"/>
								<line number="64" hits="1090" branch="false"/>
								<line number="65" hits="1090" branch="false"/>
								<line number="66" hits="1090" branch="false"/>
								<line number="68" hits="4" branch="true" condition-coverage="50% (1/2)">
									<conditions>
										<condition number="0" type="jump" coverage="50%"/>
									</conditions>
								</line>
								<line number="69" hits="4" branch="false"/>
								<line number="72" hits="4" branch="false"/>
								<line number="73" hits="0" branch="false"/>
								<line number="74" hits="0" branch="false"/>
								<line number="75" hits="0" branch="false"/>
								<line number="76" hits="0" branch="false"/>
								<line number="77" hits="4" branch="false"/>
								<line number="78" hits="4" branch="false"/>
							</lines>
						</method>
					</methods>
					<lines>
						<line number="34" hits="0" branch="false"/>
						<line number="36" hits="0" branch="false"/>
						<line number="40" hits="3" branch="false"/>
						<line number="41" hits="0" branch="false"/>
						<line number="42" hits="0" branch="false"/>
						<line number="43" hits="3" branch="false"/>
						<line number="44" hits="3" branch="false"/>
						<line number="48" hits="4" branch="false"/>
						<line number="50" hits="4" branch="false"/>
						<line number="52" hits="4" branch="false"/>
						<line number="53" hits="1300" branch="true" condition-coverage="100% (2/2)">
							<conditions>
								<condition number="0" type="jump" coverage="100%"/>
							</conditions>
						</line>
						<line number="54" hits="1296" branch="false"/>
						<line number="55" hits="1296" branch="false"/>
						<line number="56" hits="1296" branch="true" condition-coverage="100% (2/2)">
							<conditions>
								<condition number="0" type="jump" coverage="100%"/>
							</conditions>
						</line>
						<line number="57" hits="206" branch="false"/>
						<line number="58" hits="206" branch="false"/>
						<line number="60" hits="1090" branch="false"/>
						<line number="62" hits="1090" branch="false"/>
						<line number="64" hits="1090" branch="false"/>
						<line number="65" hits="1090" branch="false"/>
						<line number="66" hits="1090" branch="false"/>
						<line number="68" hits="4" branch="true" condition-coverage="50% (1/2)">
							<conditions>
								<condition number="0" type="jump" coverage="50%"/>
							</conditions>
						</line>
						<line number="69" hits="4" branch="false"/>
						<line number="72" hits="4" branch="false"/>
						<line number="73" hits="0" branch="false"/>
						<line number="74" hits="0" branch="false"/>
						<line number="75" hits="0" branch="false"/>
						<line number="76" hits="0" branch="false"/>
						<line number="77" hits="4" branch="false"/>
						<line number="78" hits="4" branch="false"/>
					</lines>
				</class>
			</classes>
		</package>
	</packages>
</coverage>
